2017-01-19 13:35:35 - PHP Notice:  Undefined variable: mytemplate in /home/clouddig/lichtar.com.ua/www/catalog/view/theme/OPC080193_3/template/common/header.tpl on line 28
2017-01-19 13:35:35 - PHP Notice:  Undefined variable: mytemplate in /home/clouddig/lichtar.com.ua/www/catalog/view/theme/OPC080193_3/template/common/header.tpl on line 30
2017-01-19 13:35:35 - PHP Notice:  Undefined variable: mytemplate in /home/clouddig/lichtar.com.ua/www/catalog/view/theme/OPC080193_3/template/common/header.tpl on line 31
2017-01-19 13:35:35 - PHP Notice:  Undefined variable: mytemplate in /home/clouddig/lichtar.com.ua/www/catalog/view/theme/OPC080193_3/template/common/header.tpl on line 32
2017-01-19 13:35:35 - PHP Notice:  Undefined variable: mytemplate in /home/clouddig/lichtar.com.ua/www/catalog/view/theme/OPC080193_3/template/common/header.tpl on line 33
2017-01-19 13:35:35 - PHP Notice:  Undefined variable: mytemplate in /home/clouddig/lichtar.com.ua/www/catalog/view/theme/OPC080193_3/template/common/header.tpl on line 34
2017-01-19 13:35:35 - PHP Notice:  Undefined variable: column_left in /home/clouddig/lichtar.com.ua/www/catalog/view/theme/OPC080193_3/template/common/header.tpl on line 75
2017-01-19 13:35:35 - PHP Notice:  Undefined variable: column_left in /home/clouddig/lichtar.com.ua/www/catalog/view/theme/OPC080193_3/template/common/header.tpl on line 77
2017-01-19 13:35:35 - PHP Notice:  Undefined variable: column_right in /home/clouddig/lichtar.com.ua/www/catalog/view/theme/OPC080193_3/template/common/header.tpl on line 77
2017-01-19 13:35:35 - PHP Notice:  Undefined variable: text_contact in /home/clouddig/lichtar.com.ua/www/catalog/view/theme/OPC080193_3/template/common/header.tpl on line 97
2017-01-19 13:35:35 - PHP Notice:  Undefined index: childs in /home/clouddig/lichtar.com.ua/www/catalog/view/theme/OPC080193_3/template/common/header.tpl on line 165
2017-01-19 13:35:35 - PHP Notice:  Undefined index: childs in /home/clouddig/lichtar.com.ua/www/catalog/view/theme/OPC080193_3/template/common/header.tpl on line 165
2017-01-19 13:35:35 - PHP Notice:  Undefined index: childs in /home/clouddig/lichtar.com.ua/www/catalog/view/theme/OPC080193_3/template/common/header.tpl on line 165
2017-01-19 13:35:35 - PHP Notice:  Undefined index: childs in /home/clouddig/lichtar.com.ua/www/catalog/view/theme/OPC080193_3/template/common/header.tpl on line 165
2017-01-19 13:35:35 - PHP Notice:  Undefined index: childs in /home/clouddig/lichtar.com.ua/www/catalog/view/theme/OPC080193_3/template/common/header.tpl on line 165
2017-01-19 13:35:35 - PHP Notice:  Undefined index: childs in /home/clouddig/lichtar.com.ua/www/catalog/view/theme/OPC080193_3/template/common/header.tpl on line 165
2017-01-19 13:35:35 - PHP Notice:  Undefined index: childs in /home/clouddig/lichtar.com.ua/www/catalog/view/theme/OPC080193_3/template/common/header.tpl on line 165
2017-01-19 13:35:35 - PHP Notice:  Undefined index: childs in /home/clouddig/lichtar.com.ua/www/catalog/view/theme/OPC080193_3/template/common/header.tpl on line 165
2017-01-19 13:35:35 - PHP Notice:  Undefined index: childs in /home/clouddig/lichtar.com.ua/www/catalog/view/theme/OPC080193_3/template/common/header.tpl on line 165
2017-01-19 13:35:35 - PHP Notice:  Undefined index: childs in /home/clouddig/lichtar.com.ua/www/catalog/view/theme/OPC080193_3/template/common/header.tpl on line 165
2017-01-19 13:35:35 - PHP Notice:  Undefined index: childs in /home/clouddig/lichtar.com.ua/www/catalog/view/theme/OPC080193_3/template/common/header.tpl on line 165
2017-01-19 13:35:35 - PHP Notice:  Undefined index: childs in /home/clouddig/lichtar.com.ua/www/catalog/view/theme/OPC080193_3/template/common/header.tpl on line 165
2017-01-19 13:35:35 - PHP Notice:  Undefined index: childs in /home/clouddig/lichtar.com.ua/www/catalog/view/theme/OPC080193_3/template/common/header.tpl on line 165
2017-01-19 13:35:35 - PHP Notice:  Undefined index: childs in /home/clouddig/lichtar.com.ua/www/catalog/view/theme/OPC080193_3/template/common/header.tpl on line 165
2017-01-19 13:35:35 - PHP Notice:  Undefined index: childs in /home/clouddig/lichtar.com.ua/www/catalog/view/theme/OPC080193_3/template/common/header.tpl on line 165
2017-01-19 13:35:35 - PHP Notice:  Undefined index: childs in /home/clouddig/lichtar.com.ua/www/catalog/view/theme/OPC080193_3/template/common/header.tpl on line 165
2017-01-19 13:35:35 - PHP Notice:  Undefined index: childs in /home/clouddig/lichtar.com.ua/www/catalog/view/theme/OPC080193_3/template/common/header.tpl on line 165
2017-01-19 13:35:35 - PHP Notice:  Undefined index: childs in /home/clouddig/lichtar.com.ua/www/catalog/view/theme/OPC080193_3/template/common/header.tpl on line 165
2017-01-19 13:35:35 - PHP Notice:  Undefined index: childs in /home/clouddig/lichtar.com.ua/www/catalog/view/theme/OPC080193_3/template/common/header.tpl on line 165
2017-01-19 13:35:35 - PHP Notice:  Undefined index: childs in /home/clouddig/lichtar.com.ua/www/catalog/view/theme/OPC080193_3/template/common/header.tpl on line 165
2017-01-19 13:35:35 - PHP Notice:  Undefined index: childs in /home/clouddig/lichtar.com.ua/www/catalog/view/theme/OPC080193_3/template/common/header.tpl on line 165
2017-01-19 13:35:35 - PHP Notice:  Undefined index: childs in /home/clouddig/lichtar.com.ua/www/catalog/view/theme/OPC080193_3/template/common/header.tpl on line 165
2017-01-19 13:35:35 - PHP Notice:  Undefined index: childs in /home/clouddig/lichtar.com.ua/www/catalog/view/theme/OPC080193_3/template/common/header.tpl on line 165
2017-01-19 13:35:35 - PHP Notice:  Undefined index: childs in /home/clouddig/lichtar.com.ua/www/catalog/view/theme/OPC080193_3/template/common/header.tpl on line 165
2017-01-19 13:35:35 - PHP Notice:  Undefined index: childs in /home/clouddig/lichtar.com.ua/www/catalog/view/theme/OPC080193_3/template/common/header.tpl on line 165
2017-01-19 13:35:35 - PHP Notice:  Undefined index: childs in /home/clouddig/lichtar.com.ua/www/catalog/view/theme/OPC080193_3/template/common/header.tpl on line 165
2017-01-19 13:35:35 - PHP Notice:  Undefined index: childs in /home/clouddig/lichtar.com.ua/www/catalog/view/theme/OPC080193_3/template/common/header.tpl on line 165
2017-01-19 13:35:35 - PHP Notice:  Undefined index: childs in /home/clouddig/lichtar.com.ua/www/catalog/view/theme/OPC080193_3/template/common/header.tpl on line 223
2017-01-19 13:35:35 - PHP Notice:  Undefined index: childs in /home/clouddig/lichtar.com.ua/www/catalog/view/theme/OPC080193_3/template/common/header.tpl on line 228
2017-01-19 13:35:35 - PHP Notice:  Undefined index: childs in /home/clouddig/lichtar.com.ua/www/catalog/view/theme/OPC080193_3/template/common/header.tpl on line 223
2017-01-19 13:35:35 - PHP Notice:  Undefined index: childs in /home/clouddig/lichtar.com.ua/www/catalog/view/theme/OPC080193_3/template/common/header.tpl on line 228
2017-01-19 13:35:35 - PHP Notice:  Undefined index: childs in /home/clouddig/lichtar.com.ua/www/catalog/view/theme/OPC080193_3/template/common/header.tpl on line 223
2017-01-19 13:35:35 - PHP Notice:  Undefined index: childs in /home/clouddig/lichtar.com.ua/www/catalog/view/theme/OPC080193_3/template/common/header.tpl on line 228
2017-01-19 13:35:35 - PHP Notice:  Undefined index: childs in /home/clouddig/lichtar.com.ua/www/catalog/view/theme/OPC080193_3/template/common/header.tpl on line 223
2017-01-19 13:35:35 - PHP Notice:  Undefined index: childs in /home/clouddig/lichtar.com.ua/www/catalog/view/theme/OPC080193_3/template/common/header.tpl on line 228
2017-01-19 13:35:35 - PHP Notice:  Undefined index: childs in /home/clouddig/lichtar.com.ua/www/catalog/view/theme/OPC080193_3/template/common/header.tpl on line 223
2017-01-19 13:35:35 - PHP Notice:  Undefined index: childs in /home/clouddig/lichtar.com.ua/www/catalog/view/theme/OPC080193_3/template/common/header.tpl on line 228
2017-01-19 13:35:35 - PHP Notice:  Undefined index: childs in /home/clouddig/lichtar.com.ua/www/catalog/view/theme/OPC080193_3/template/common/header.tpl on line 223
2017-01-19 13:35:35 - PHP Notice:  Undefined index: childs in /home/clouddig/lichtar.com.ua/www/catalog/view/theme/OPC080193_3/template/common/header.tpl on line 228
2017-01-19 13:35:35 - PHP Notice:  Undefined index: childs in /home/clouddig/lichtar.com.ua/www/catalog/view/theme/OPC080193_3/template/common/header.tpl on line 223
2017-01-19 13:35:35 - PHP Notice:  Undefined index: childs in /home/clouddig/lichtar.com.ua/www/catalog/view/theme/OPC080193_3/template/common/header.tpl on line 228
2017-01-19 13:35:35 - PHP Notice:  Undefined index: childs in /home/clouddig/lichtar.com.ua/www/catalog/view/theme/OPC080193_3/template/common/header.tpl on line 223
2017-01-19 13:35:35 - PHP Notice:  Undefined index: childs in /home/clouddig/lichtar.com.ua/www/catalog/view/theme/OPC080193_3/template/common/header.tpl on line 228
2017-01-19 13:35:35 - PHP Notice:  Undefined index: childs in /home/clouddig/lichtar.com.ua/www/catalog/view/theme/OPC080193_3/template/common/header.tpl on line 223
2017-01-19 13:35:35 - PHP Notice:  Undefined index: childs in /home/clouddig/lichtar.com.ua/www/catalog/view/theme/OPC080193_3/template/common/header.tpl on line 228
2017-01-19 13:35:35 - PHP Notice:  Undefined index: childs in /home/clouddig/lichtar.com.ua/www/catalog/view/theme/OPC080193_3/template/common/header.tpl on line 223
2017-01-19 13:35:35 - PHP Notice:  Undefined index: childs in /home/clouddig/lichtar.com.ua/www/catalog/view/theme/OPC080193_3/template/common/header.tpl on line 228
2017-01-19 13:35:35 - PHP Notice:  Undefined index: childs in /home/clouddig/lichtar.com.ua/www/catalog/view/theme/OPC080193_3/template/common/header.tpl on line 223
2017-01-19 13:35:35 - PHP Notice:  Undefined index: childs in /home/clouddig/lichtar.com.ua/www/catalog/view/theme/OPC080193_3/template/common/header.tpl on line 228
2017-01-19 13:35:35 - PHP Notice:  Undefined index: childs in /home/clouddig/lichtar.com.ua/www/catalog/view/theme/OPC080193_3/template/common/header.tpl on line 223
2017-01-19 13:35:35 - PHP Notice:  Undefined index: childs in /home/clouddig/lichtar.com.ua/www/catalog/view/theme/OPC080193_3/template/common/header.tpl on line 228
2017-01-19 13:35:35 - PHP Notice:  Undefined index: childs in /home/clouddig/lichtar.com.ua/www/catalog/view/theme/OPC080193_3/template/common/header.tpl on line 223
2017-01-19 13:35:35 - PHP Notice:  Undefined index: childs in /home/clouddig/lichtar.com.ua/www/catalog/view/theme/OPC080193_3/template/common/header.tpl on line 228
2017-01-19 13:35:35 - PHP Notice:  Undefined index: childs in /home/clouddig/lichtar.com.ua/www/catalog/view/theme/OPC080193_3/template/common/header.tpl on line 223
2017-01-19 13:35:35 - PHP Notice:  Undefined index: childs in /home/clouddig/lichtar.com.ua/www/catalog/view/theme/OPC080193_3/template/common/header.tpl on line 228
2017-01-19 13:35:35 - PHP Notice:  Undefined index: childs in /home/clouddig/lichtar.com.ua/www/catalog/view/theme/OPC080193_3/template/common/header.tpl on line 223
2017-01-19 13:35:35 - PHP Notice:  Undefined index: childs in /home/clouddig/lichtar.com.ua/www/catalog/view/theme/OPC080193_3/template/common/header.tpl on line 228
2017-01-19 13:35:35 - PHP Notice:  Undefined index: childs in /home/clouddig/lichtar.com.ua/www/catalog/view/theme/OPC080193_3/template/common/header.tpl on line 223
2017-01-19 13:35:35 - PHP Notice:  Undefined index: childs in /home/clouddig/lichtar.com.ua/www/catalog/view/theme/OPC080193_3/template/common/header.tpl on line 228
2017-01-19 13:35:35 - PHP Notice:  Undefined index: childs in /home/clouddig/lichtar.com.ua/www/catalog/view/theme/OPC080193_3/template/common/header.tpl on line 223
2017-01-19 13:35:35 - PHP Notice:  Undefined index: childs in /home/clouddig/lichtar.com.ua/www/catalog/view/theme/OPC080193_3/template/common/header.tpl on line 228
2017-01-19 13:35:35 - PHP Notice:  Undefined index: childs in /home/clouddig/lichtar.com.ua/www/catalog/view/theme/OPC080193_3/template/common/header.tpl on line 223
2017-01-19 13:35:35 - PHP Notice:  Undefined index: childs in /home/clouddig/lichtar.com.ua/www/catalog/view/theme/OPC080193_3/template/common/header.tpl on line 228
2017-01-19 13:35:35 - PHP Notice:  Undefined index: childs in /home/clouddig/lichtar.com.ua/www/catalog/view/theme/OPC080193_3/template/common/header.tpl on line 223
2017-01-19 13:35:35 - PHP Notice:  Undefined index: childs in /home/clouddig/lichtar.com.ua/www/catalog/view/theme/OPC080193_3/template/common/header.tpl on line 228
2017-01-19 13:35:35 - PHP Notice:  Undefined index: childs in /home/clouddig/lichtar.com.ua/www/catalog/view/theme/OPC080193_3/template/common/header.tpl on line 223
2017-01-19 13:35:35 - PHP Notice:  Undefined index: childs in /home/clouddig/lichtar.com.ua/www/catalog/view/theme/OPC080193_3/template/common/header.tpl on line 228
2017-01-19 13:35:35 - PHP Notice:  Undefined index: childs in /home/clouddig/lichtar.com.ua/www/catalog/view/theme/OPC080193_3/template/common/header.tpl on line 223
2017-01-19 13:35:35 - PHP Notice:  Undefined index: childs in /home/clouddig/lichtar.com.ua/www/catalog/view/theme/OPC080193_3/template/common/header.tpl on line 228
2017-01-19 13:35:35 - PHP Notice:  Undefined index: childs in /home/clouddig/lichtar.com.ua/www/catalog/view/theme/OPC080193_3/template/common/header.tpl on line 223
2017-01-19 13:35:35 - PHP Notice:  Undefined index: childs in /home/clouddig/lichtar.com.ua/www/catalog/view/theme/OPC080193_3/template/common/header.tpl on line 228
2017-01-19 13:35:35 - PHP Notice:  Undefined index: childs in /home/clouddig/lichtar.com.ua/www/catalog/view/theme/OPC080193_3/template/common/header.tpl on line 223
2017-01-19 13:35:35 - PHP Notice:  Undefined index: childs in /home/clouddig/lichtar.com.ua/www/catalog/view/theme/OPC080193_3/template/common/header.tpl on line 228
2017-01-19 13:35:35 - PHP Notice:  Undefined index: childs in /home/clouddig/lichtar.com.ua/www/catalog/view/theme/OPC080193_3/template/common/header.tpl on line 223
2017-01-19 13:35:35 - PHP Notice:  Undefined index: childs in /home/clouddig/lichtar.com.ua/www/catalog/view/theme/OPC080193_3/template/common/header.tpl on line 228
2017-01-19 13:35:35 - PHP Notice:  Undefined index: childs in /home/clouddig/lichtar.com.ua/www/catalog/view/theme/OPC080193_3/template/common/header.tpl on line 223
2017-01-19 13:35:35 - PHP Notice:  Undefined index: childs in /home/clouddig/lichtar.com.ua/www/catalog/view/theme/OPC080193_3/template/common/header.tpl on line 228
2017-01-19 13:35:35 - PHP Notice:  Undefined index: childs in /home/clouddig/lichtar.com.ua/www/catalog/view/theme/OPC080193_3/template/common/header.tpl on line 223
2017-01-19 13:35:35 - PHP Notice:  Undefined index: childs in /home/clouddig/lichtar.com.ua/www/catalog/view/theme/OPC080193_3/template/common/header.tpl on line 228
2017-01-19 13:35:35 - PHP Notice:  Undefined index: childs in /home/clouddig/lichtar.com.ua/www/catalog/view/theme/OPC080193_3/template/common/header.tpl on line 223
2017-01-19 13:35:35 - PHP Notice:  Undefined index: childs in /home/clouddig/lichtar.com.ua/www/catalog/view/theme/OPC080193_3/template/common/header.tpl on line 228
2017-01-19 13:35:35 - PHP Notice:  Undefined variable: headertop in /home/clouddig/lichtar.com.ua/www/catalog/view/theme/OPC080193_3/template/common/header.tpl on line 258
2017-01-19 13:35:35 - PHP Notice:  Undefined index: thumb_swap in /home/clouddig/lichtar.com.ua/www/catalog/view/theme/OPC080193_3/template/product/category.tpl on line 95
2017-01-19 13:35:59 - PHP Notice:  Undefined variable: mytemplate in /home/clouddig/lichtar.com.ua/www/catalog/view/theme/OPC080193_3/template/common/header.tpl on line 28
2017-01-19 13:35:59 - PHP Notice:  Undefined variable: mytemplate in /home/clouddig/lichtar.com.ua/www/catalog/view/theme/OPC080193_3/template/common/header.tpl on line 30
2017-01-19 13:35:59 - PHP Notice:  Undefined variable: mytemplate in /home/clouddig/lichtar.com.ua/www/catalog/view/theme/OPC080193_3/template/common/header.tpl on line 31
2017-01-19 13:35:59 - PHP Notice:  Undefined variable: mytemplate in /home/clouddig/lichtar.com.ua/www/catalog/view/theme/OPC080193_3/template/common/header.tpl on line 32
2017-01-19 13:35:59 - PHP Notice:  Undefined variable: mytemplate in /home/clouddig/lichtar.com.ua/www/catalog/view/theme/OPC080193_3/template/common/header.tpl on line 33
2017-01-19 13:35:59 - PHP Notice:  Undefined variable: mytemplate in /home/clouddig/lichtar.com.ua/www/catalog/view/theme/OPC080193_3/template/common/header.tpl on line 34
2017-01-19 13:35:59 - PHP Notice:  Undefined variable: column_left in /home/clouddig/lichtar.com.ua/www/catalog/view/theme/OPC080193_3/template/common/header.tpl on line 75
2017-01-19 13:35:59 - PHP Notice:  Undefined variable: column_left in /home/clouddig/lichtar.com.ua/www/catalog/view/theme/OPC080193_3/template/common/header.tpl on line 77
2017-01-19 13:35:59 - PHP Notice:  Undefined variable: column_right in /home/clouddig/lichtar.com.ua/www/catalog/view/theme/OPC080193_3/template/common/header.tpl on line 77
2017-01-19 13:35:59 - PHP Notice:  Undefined variable: text_contact in /home/clouddig/lichtar.com.ua/www/catalog/view/theme/OPC080193_3/template/common/header.tpl on line 97
2017-01-19 13:35:59 - PHP Notice:  Undefined index: childs in /home/clouddig/lichtar.com.ua/www/catalog/view/theme/OPC080193_3/template/common/header.tpl on line 165
2017-01-19 13:35:59 - PHP Notice:  Undefined index: childs in /home/clouddig/lichtar.com.ua/www/catalog/view/theme/OPC080193_3/template/common/header.tpl on line 165
2017-01-19 13:35:59 - PHP Notice:  Undefined index: childs in /home/clouddig/lichtar.com.ua/www/catalog/view/theme/OPC080193_3/template/common/header.tpl on line 165
2017-01-19 13:35:59 - PHP Notice:  Undefined index: childs in /home/clouddig/lichtar.com.ua/www/catalog/view/theme/OPC080193_3/template/common/header.tpl on line 165
2017-01-19 13:35:59 - PHP Notice:  Undefined index: childs in /home/clouddig/lichtar.com.ua/www/catalog/view/theme/OPC080193_3/template/common/header.tpl on line 165
2017-01-19 13:35:59 - PHP Notice:  Undefined index: childs in /home/clouddig/lichtar.com.ua/www/catalog/view/theme/OPC080193_3/template/common/header.tpl on line 165
2017-01-19 13:35:59 - PHP Notice:  Undefined index: childs in /home/clouddig/lichtar.com.ua/www/catalog/view/theme/OPC080193_3/template/common/header.tpl on line 165
2017-01-19 13:35:59 - PHP Notice:  Undefined index: childs in /home/clouddig/lichtar.com.ua/www/catalog/view/theme/OPC080193_3/template/common/header.tpl on line 165
2017-01-19 13:35:59 - PHP Notice:  Undefined index: childs in /home/clouddig/lichtar.com.ua/www/catalog/view/theme/OPC080193_3/template/common/header.tpl on line 165
2017-01-19 13:35:59 - PHP Notice:  Undefined index: childs in /home/clouddig/lichtar.com.ua/www/catalog/view/theme/OPC080193_3/template/common/header.tpl on line 165
2017-01-19 13:35:59 - PHP Notice:  Undefined index: childs in /home/clouddig/lichtar.com.ua/www/catalog/view/theme/OPC080193_3/template/common/header.tpl on line 165
2017-01-19 13:35:59 - PHP Notice:  Undefined index: childs in /home/clouddig/lichtar.com.ua/www/catalog/view/theme/OPC080193_3/template/common/header.tpl on line 165
2017-01-19 13:35:59 - PHP Notice:  Undefined index: childs in /home/clouddig/lichtar.com.ua/www/catalog/view/theme/OPC080193_3/template/common/header.tpl on line 165
2017-01-19 13:35:59 - PHP Notice:  Undefined index: childs in /home/clouddig/lichtar.com.ua/www/catalog/view/theme/OPC080193_3/template/common/header.tpl on line 165
2017-01-19 13:35:59 - PHP Notice:  Undefined index: childs in /home/clouddig/lichtar.com.ua/www/catalog/view/theme/OPC080193_3/template/common/header.tpl on line 165
2017-01-19 13:35:59 - PHP Notice:  Undefined index: childs in /home/clouddig/lichtar.com.ua/www/catalog/view/theme/OPC080193_3/template/common/header.tpl on line 165
2017-01-19 13:35:59 - PHP Notice:  Undefined index: childs in /home/clouddig/lichtar.com.ua/www/catalog/view/theme/OPC080193_3/template/common/header.tpl on line 165
2017-01-19 13:35:59 - PHP Notice:  Undefined index: childs in /home/clouddig/lichtar.com.ua/www/catalog/view/theme/OPC080193_3/template/common/header.tpl on line 165
2017-01-19 13:35:59 - PHP Notice:  Undefined index: childs in /home/clouddig/lichtar.com.ua/www/catalog/view/theme/OPC080193_3/template/common/header.tpl on line 165
2017-01-19 13:35:59 - PHP Notice:  Undefined index: childs in /home/clouddig/lichtar.com.ua/www/catalog/view/theme/OPC080193_3/template/common/header.tpl on line 165
2017-01-19 13:35:59 - PHP Notice:  Undefined index: childs in /home/clouddig/lichtar.com.ua/www/catalog/view/theme/OPC080193_3/template/common/header.tpl on line 165
2017-01-19 13:35:59 - PHP Notice:  Undefined index: childs in /home/clouddig/lichtar.com.ua/www/catalog/view/theme/OPC080193_3/template/common/header.tpl on line 165
2017-01-19 13:35:59 - PHP Notice:  Undefined index: childs in /home/clouddig/lichtar.com.ua/www/catalog/view/theme/OPC080193_3/template/common/header.tpl on line 165
2017-01-19 13:35:59 - PHP Notice:  Undefined index: childs in /home/clouddig/lichtar.com.ua/www/catalog/view/theme/OPC080193_3/template/common/header.tpl on line 165
2017-01-19 13:35:59 - PHP Notice:  Undefined index: childs in /home/clouddig/lichtar.com.ua/www/catalog/view/theme/OPC080193_3/template/common/header.tpl on line 165
2017-01-19 13:35:59 - PHP Notice:  Undefined index: childs in /home/clouddig/lichtar.com.ua/www/catalog/view/theme/OPC080193_3/template/common/header.tpl on line 165
2017-01-19 13:35:59 - PHP Notice:  Undefined index: childs in /home/clouddig/lichtar.com.ua/www/catalog/view/theme/OPC080193_3/template/common/header.tpl on line 165
2017-01-19 13:35:59 - PHP Notice:  Undefined index: childs in /home/clouddig/lichtar.com.ua/www/catalog/view/theme/OPC080193_3/template/common/header.tpl on line 223
2017-01-19 13:35:59 - PHP Notice:  Undefined index: childs in /home/clouddig/lichtar.com.ua/www/catalog/view/theme/OPC080193_3/template/common/header.tpl on line 228
2017-01-19 13:35:59 - PHP Notice:  Undefined index: childs in /home/clouddig/lichtar.com.ua/www/catalog/view/theme/OPC080193_3/template/common/header.tpl on line 223
2017-01-19 13:35:59 - PHP Notice:  Undefined index: childs in /home/clouddig/lichtar.com.ua/www/catalog/view/theme/OPC080193_3/template/common/header.tpl on line 228
2017-01-19 13:35:59 - PHP Notice:  Undefined index: childs in /home/clouddig/lichtar.com.ua/www/catalog/view/theme/OPC080193_3/template/common/header.tpl on line 223
2017-01-19 13:35:59 - PHP Notice:  Undefined index: childs in /home/clouddig/lichtar.com.ua/www/catalog/view/theme/OPC080193_3/template/common/header.tpl on line 228
2017-01-19 13:35:59 - PHP Notice:  Undefined index: childs in /home/clouddig/lichtar.com.ua/www/catalog/view/theme/OPC080193_3/template/common/header.tpl on line 223
2017-01-19 13:35:59 - PHP Notice:  Undefined index: childs in /home/clouddig/lichtar.com.ua/www/catalog/view/theme/OPC080193_3/template/common/header.tpl on line 228
2017-01-19 13:35:59 - PHP Notice:  Undefined index: childs in /home/clouddig/lichtar.com.ua/www/catalog/view/theme/OPC080193_3/template/common/header.tpl on line 223
2017-01-19 13:35:59 - PHP Notice:  Undefined index: childs in /home/clouddig/lichtar.com.ua/www/catalog/view/theme/OPC080193_3/template/common/header.tpl on line 228
2017-01-19 13:35:59 - PHP Notice:  Undefined index: childs in /home/clouddig/lichtar.com.ua/www/catalog/view/theme/OPC080193_3/template/common/header.tpl on line 223
2017-01-19 13:35:59 - PHP Notice:  Undefined index: childs in /home/clouddig/lichtar.com.ua/www/catalog/view/theme/OPC080193_3/template/common/header.tpl on line 228
2017-01-19 13:35:59 - PHP Notice:  Undefined index: childs in /home/clouddig/lichtar.com.ua/www/catalog/view/theme/OPC080193_3/template/common/header.tpl on line 223
2017-01-19 13:35:59 - PHP Notice:  Undefined index: childs in /home/clouddig/lichtar.com.ua/www/catalog/view/theme/OPC080193_3/template/common/header.tpl on line 228
2017-01-19 13:35:59 - PHP Notice:  Undefined index: childs in /home/clouddig/lichtar.com.ua/www/catalog/view/theme/OPC080193_3/template/common/header.tpl on line 223
2017-01-19 13:35:59 - PHP Notice:  Undefined index: childs in /home/clouddig/lichtar.com.ua/www/catalog/view/theme/OPC080193_3/template/common/header.tpl on line 228
2017-01-19 13:35:59 - PHP Notice:  Undefined index: childs in /home/clouddig/lichtar.com.ua/www/catalog/view/theme/OPC080193_3/template/common/header.tpl on line 223
2017-01-19 13:35:59 - PHP Notice:  Undefined index: childs in /home/clouddig/lichtar.com.ua/www/catalog/view/theme/OPC080193_3/template/common/header.tpl on line 228
2017-01-19 13:35:59 - PHP Notice:  Undefined index: childs in /home/clouddig/lichtar.com.ua/www/catalog/view/theme/OPC080193_3/template/common/header.tpl on line 223
2017-01-19 13:35:59 - PHP Notice:  Undefined index: childs in /home/clouddig/lichtar.com.ua/www/catalog/view/theme/OPC080193_3/template/common/header.tpl on line 228
2017-01-19 13:35:59 - PHP Notice:  Undefined index: childs in /home/clouddig/lichtar.com.ua/www/catalog/view/theme/OPC080193_3/template/common/header.tpl on line 223
2017-01-19 13:35:59 - PHP Notice:  Undefined index: childs in /home/clouddig/lichtar.com.ua/www/catalog/view/theme/OPC080193_3/template/common/header.tpl on line 228
2017-01-19 13:35:59 - PHP Notice:  Undefined index: childs in /home/clouddig/lichtar.com.ua/www/catalog/view/theme/OPC080193_3/template/common/header.tpl on line 223
2017-01-19 13:35:59 - PHP Notice:  Undefined index: childs in /home/clouddig/lichtar.com.ua/www/catalog/view/theme/OPC080193_3/template/common/header.tpl on line 228
2017-01-19 13:35:59 - PHP Notice:  Undefined index: childs in /home/clouddig/lichtar.com.ua/www/catalog/view/theme/OPC080193_3/template/common/header.tpl on line 223
2017-01-19 13:35:59 - PHP Notice:  Undefined index: childs in /home/clouddig/lichtar.com.ua/www/catalog/view/theme/OPC080193_3/template/common/header.tpl on line 228
2017-01-19 13:35:59 - PHP Notice:  Undefined index: childs in /home/clouddig/lichtar.com.ua/www/catalog/view/theme/OPC080193_3/template/common/header.tpl on line 223
2017-01-19 13:35:59 - PHP Notice:  Undefined index: childs in /home/clouddig/lichtar.com.ua/www/catalog/view/theme/OPC080193_3/template/common/header.tpl on line 228
2017-01-19 13:35:59 - PHP Notice:  Undefined index: childs in /home/clouddig/lichtar.com.ua/www/catalog/view/theme/OPC080193_3/template/common/header.tpl on line 223
2017-01-19 13:35:59 - PHP Notice:  Undefined index: childs in /home/clouddig/lichtar.com.ua/www/catalog/view/theme/OPC080193_3/template/common/header.tpl on line 228
2017-01-19 13:35:59 - PHP Notice:  Undefined index: childs in /home/clouddig/lichtar.com.ua/www/catalog/view/theme/OPC080193_3/template/common/header.tpl on line 223
2017-01-19 13:35:59 - PHP Notice:  Undefined index: childs in /home/clouddig/lichtar.com.ua/www/catalog/view/theme/OPC080193_3/template/common/header.tpl on line 228
2017-01-19 13:35:59 - PHP Notice:  Undefined index: childs in /home/clouddig/lichtar.com.ua/www/catalog/view/theme/OPC080193_3/template/common/header.tpl on line 223
2017-01-19 13:35:59 - PHP Notice:  Undefined index: childs in /home/clouddig/lichtar.com.ua/www/catalog/view/theme/OPC080193_3/template/common/header.tpl on line 228
2017-01-19 13:35:59 - PHP Notice:  Undefined index: childs in /home/clouddig/lichtar.com.ua/www/catalog/view/theme/OPC080193_3/template/common/header.tpl on line 223
2017-01-19 13:35:59 - PHP Notice:  Undefined index: childs in /home/clouddig/lichtar.com.ua/www/catalog/view/theme/OPC080193_3/template/common/header.tpl on line 228
2017-01-19 13:35:59 - PHP Notice:  Undefined index: childs in /home/clouddig/lichtar.com.ua/www/catalog/view/theme/OPC080193_3/template/common/header.tpl on line 223
2017-01-19 13:35:59 - PHP Notice:  Undefined index: childs in /home/clouddig/lichtar.com.ua/www/catalog/view/theme/OPC080193_3/template/common/header.tpl on line 228
2017-01-19 13:35:59 - PHP Notice:  Undefined index: childs in /home/clouddig/lichtar.com.ua/www/catalog/view/theme/OPC080193_3/template/common/header.tpl on line 223
2017-01-19 13:35:59 - PHP Notice:  Undefined index: childs in /home/clouddig/lichtar.com.ua/www/catalog/view/theme/OPC080193_3/template/common/header.tpl on line 228
2017-01-19 13:35:59 - PHP Notice:  Undefined index: childs in /home/clouddig/lichtar.com.ua/www/catalog/view/theme/OPC080193_3/template/common/header.tpl on line 223
2017-01-19 13:35:59 - PHP Notice:  Undefined index: childs in /home/clouddig/lichtar.com.ua/www/catalog/view/theme/OPC080193_3/template/common/header.tpl on line 228
2017-01-19 13:35:59 - PHP Notice:  Undefined index: childs in /home/clouddig/lichtar.com.ua/www/catalog/view/theme/OPC080193_3/template/common/header.tpl on line 223
2017-01-19 13:35:59 - PHP Notice:  Undefined index: childs in /home/clouddig/lichtar.com.ua/www/catalog/view/theme/OPC080193_3/template/common/header.tpl on line 228
2017-01-19 13:35:59 - PHP Notice:  Undefined index: childs in /home/clouddig/lichtar.com.ua/www/catalog/view/theme/OPC080193_3/template/common/header.tpl on line 223
2017-01-19 13:35:59 - PHP Notice:  Undefined index: childs in /home/clouddig/lichtar.com.ua/www/catalog/view/theme/OPC080193_3/template/common/header.tpl on line 228
2017-01-19 13:35:59 - PHP Notice:  Undefined index: childs in /home/clouddig/lichtar.com.ua/www/catalog/view/theme/OPC080193_3/template/common/header.tpl on line 223
2017-01-19 13:35:59 - PHP Notice:  Undefined index: childs in /home/clouddig/lichtar.com.ua/www/catalog/view/theme/OPC080193_3/template/common/header.tpl on line 228
2017-01-19 13:35:59 - PHP Notice:  Undefined index: childs in /home/clouddig/lichtar.com.ua/www/catalog/view/theme/OPC080193_3/template/common/header.tpl on line 223
2017-01-19 13:35:59 - PHP Notice:  Undefined index: childs in /home/clouddig/lichtar.com.ua/www/catalog/view/theme/OPC080193_3/template/common/header.tpl on line 228
2017-01-19 13:35:59 - PHP Notice:  Undefined index: childs in /home/clouddig/lichtar.com.ua/www/catalog/view/theme/OPC080193_3/template/common/header.tpl on line 223
2017-01-19 13:35:59 - PHP Notice:  Undefined index: childs in /home/clouddig/lichtar.com.ua/www/catalog/view/theme/OPC080193_3/template/common/header.tpl on line 228
2017-01-19 13:35:59 - PHP Notice:  Undefined index: childs in /home/clouddig/lichtar.com.ua/www/catalog/view/theme/OPC080193_3/template/common/header.tpl on line 223
2017-01-19 13:35:59 - PHP Notice:  Undefined index: childs in /home/clouddig/lichtar.com.ua/www/catalog/view/theme/OPC080193_3/template/common/header.tpl on line 228
2017-01-19 13:35:59 - PHP Notice:  Undefined variable: headertop in /home/clouddig/lichtar.com.ua/www/catalog/view/theme/OPC080193_3/template/common/header.tpl on line 258
2017-01-19 13:35:59 - PHP Notice:  Undefined index: thumb_swap in /home/clouddig/lichtar.com.ua/www/catalog/view/theme/OPC080193_3/template/product/category.tpl on line 95
2017-01-19 13:36:18 - PHP Notice:  Undefined variable: mytemplate in /home/clouddig/lichtar.com.ua/www/catalog/view/theme/OPC080193_3/template/common/header.tpl on line 28
2017-01-19 13:36:18 - PHP Notice:  Undefined variable: mytemplate in /home/clouddig/lichtar.com.ua/www/catalog/view/theme/OPC080193_3/template/common/header.tpl on line 30
2017-01-19 13:36:18 - PHP Notice:  Undefined variable: mytemplate in /home/clouddig/lichtar.com.ua/www/catalog/view/theme/OPC080193_3/template/common/header.tpl on line 31
2017-01-19 13:36:18 - PHP Notice:  Undefined variable: mytemplate in /home/clouddig/lichtar.com.ua/www/catalog/view/theme/OPC080193_3/template/common/header.tpl on line 32
2017-01-19 13:36:18 - PHP Notice:  Undefined variable: mytemplate in /home/clouddig/lichtar.com.ua/www/catalog/view/theme/OPC080193_3/template/common/header.tpl on line 33
2017-01-19 13:36:18 - PHP Notice:  Undefined variable: mytemplate in /home/clouddig/lichtar.com.ua/www/catalog/view/theme/OPC080193_3/template/common/header.tpl on line 34
2017-01-19 13:36:18 - PHP Notice:  Undefined variable: column_left in /home/clouddig/lichtar.com.ua/www/catalog/view/theme/OPC080193_3/template/common/header.tpl on line 75
2017-01-19 13:36:18 - PHP Notice:  Undefined variable: column_left in /home/clouddig/lichtar.com.ua/www/catalog/view/theme/OPC080193_3/template/common/header.tpl on line 77
2017-01-19 13:36:18 - PHP Notice:  Undefined variable: column_right in /home/clouddig/lichtar.com.ua/www/catalog/view/theme/OPC080193_3/template/common/header.tpl on line 77
2017-01-19 13:36:18 - PHP Notice:  Undefined variable: text_contact in /home/clouddig/lichtar.com.ua/www/catalog/view/theme/OPC080193_3/template/common/header.tpl on line 97
2017-01-19 13:36:18 - PHP Notice:  Undefined index: childs in /home/clouddig/lichtar.com.ua/www/catalog/view/theme/OPC080193_3/template/common/header.tpl on line 165
2017-01-19 13:36:18 - PHP Notice:  Undefined index: childs in /home/clouddig/lichtar.com.ua/www/catalog/view/theme/OPC080193_3/template/common/header.tpl on line 165
2017-01-19 13:36:18 - PHP Notice:  Undefined index: childs in /home/clouddig/lichtar.com.ua/www/catalog/view/theme/OPC080193_3/template/common/header.tpl on line 165
2017-01-19 13:36:18 - PHP Notice:  Undefined index: childs in /home/clouddig/lichtar.com.ua/www/catalog/view/theme/OPC080193_3/template/common/header.tpl on line 165
2017-01-19 13:36:18 - PHP Notice:  Undefined index: childs in /home/clouddig/lichtar.com.ua/www/catalog/view/theme/OPC080193_3/template/common/header.tpl on line 165
2017-01-19 13:36:18 - PHP Notice:  Undefined index: childs in /home/clouddig/lichtar.com.ua/www/catalog/view/theme/OPC080193_3/template/common/header.tpl on line 165
2017-01-19 13:36:18 - PHP Notice:  Undefined index: childs in /home/clouddig/lichtar.com.ua/www/catalog/view/theme/OPC080193_3/template/common/header.tpl on line 165
2017-01-19 13:36:18 - PHP Notice:  Undefined index: childs in /home/clouddig/lichtar.com.ua/www/catalog/view/theme/OPC080193_3/template/common/header.tpl on line 165
2017-01-19 13:36:18 - PHP Notice:  Undefined index: childs in /home/clouddig/lichtar.com.ua/www/catalog/view/theme/OPC080193_3/template/common/header.tpl on line 165
2017-01-19 13:36:18 - PHP Notice:  Undefined index: childs in /home/clouddig/lichtar.com.ua/www/catalog/view/theme/OPC080193_3/template/common/header.tpl on line 165
2017-01-19 13:36:18 - PHP Notice:  Undefined index: childs in /home/clouddig/lichtar.com.ua/www/catalog/view/theme/OPC080193_3/template/common/header.tpl on line 165
2017-01-19 13:36:18 - PHP Notice:  Undefined index: childs in /home/clouddig/lichtar.com.ua/www/catalog/view/theme/OPC080193_3/template/common/header.tpl on line 165
2017-01-19 13:36:18 - PHP Notice:  Undefined index: childs in /home/clouddig/lichtar.com.ua/www/catalog/view/theme/OPC080193_3/template/common/header.tpl on line 165
2017-01-19 13:36:18 - PHP Notice:  Undefined index: childs in /home/clouddig/lichtar.com.ua/www/catalog/view/theme/OPC080193_3/template/common/header.tpl on line 165
2017-01-19 13:36:18 - PHP Notice:  Undefined index: childs in /home/clouddig/lichtar.com.ua/www/catalog/view/theme/OPC080193_3/template/common/header.tpl on line 165
2017-01-19 13:36:18 - PHP Notice:  Undefined index: childs in /home/clouddig/lichtar.com.ua/www/catalog/view/theme/OPC080193_3/template/common/header.tpl on line 165
2017-01-19 13:36:18 - PHP Notice:  Undefined index: childs in /home/clouddig/lichtar.com.ua/www/catalog/view/theme/OPC080193_3/template/common/header.tpl on line 165
2017-01-19 13:36:18 - PHP Notice:  Undefined index: childs in /home/clouddig/lichtar.com.ua/www/catalog/view/theme/OPC080193_3/template/common/header.tpl on line 165
2017-01-19 13:36:18 - PHP Notice:  Undefined index: childs in /home/clouddig/lichtar.com.ua/www/catalog/view/theme/OPC080193_3/template/common/header.tpl on line 165
2017-01-19 13:36:18 - PHP Notice:  Undefined index: childs in /home/clouddig/lichtar.com.ua/www/catalog/view/theme/OPC080193_3/template/common/header.tpl on line 165
2017-01-19 13:36:18 - PHP Notice:  Undefined index: childs in /home/clouddig/lichtar.com.ua/www/catalog/view/theme/OPC080193_3/template/common/header.tpl on line 165
2017-01-19 13:36:18 - PHP Notice:  Undefined index: childs in /home/clouddig/lichtar.com.ua/www/catalog/view/theme/OPC080193_3/template/common/header.tpl on line 165
2017-01-19 13:36:18 - PHP Notice:  Undefined index: childs in /home/clouddig/lichtar.com.ua/www/catalog/view/theme/OPC080193_3/template/common/header.tpl on line 165
2017-01-19 13:36:18 - PHP Notice:  Undefined index: childs in /home/clouddig/lichtar.com.ua/www/catalog/view/theme/OPC080193_3/template/common/header.tpl on line 165
2017-01-19 13:36:18 - PHP Notice:  Undefined index: childs in /home/clouddig/lichtar.com.ua/www/catalog/view/theme/OPC080193_3/template/common/header.tpl on line 165
2017-01-19 13:36:18 - PHP Notice:  Undefined index: childs in /home/clouddig/lichtar.com.ua/www/catalog/view/theme/OPC080193_3/template/common/header.tpl on line 165
2017-01-19 13:36:18 - PHP Notice:  Undefined index: childs in /home/clouddig/lichtar.com.ua/www/catalog/view/theme/OPC080193_3/template/common/header.tpl on line 165
2017-01-19 13:36:18 - PHP Notice:  Undefined index: childs in /home/clouddig/lichtar.com.ua/www/catalog/view/theme/OPC080193_3/template/common/header.tpl on line 223
2017-01-19 13:36:18 - PHP Notice:  Undefined index: childs in /home/clouddig/lichtar.com.ua/www/catalog/view/theme/OPC080193_3/template/common/header.tpl on line 228
2017-01-19 13:36:18 - PHP Notice:  Undefined index: childs in /home/clouddig/lichtar.com.ua/www/catalog/view/theme/OPC080193_3/template/common/header.tpl on line 223
2017-01-19 13:36:18 - PHP Notice:  Undefined index: childs in /home/clouddig/lichtar.com.ua/www/catalog/view/theme/OPC080193_3/template/common/header.tpl on line 228
2017-01-19 13:36:18 - PHP Notice:  Undefined index: childs in /home/clouddig/lichtar.com.ua/www/catalog/view/theme/OPC080193_3/template/common/header.tpl on line 223
2017-01-19 13:36:18 - PHP Notice:  Undefined index: childs in /home/clouddig/lichtar.com.ua/www/catalog/view/theme/OPC080193_3/template/common/header.tpl on line 228
2017-01-19 13:36:18 - PHP Notice:  Undefined index: childs in /home/clouddig/lichtar.com.ua/www/catalog/view/theme/OPC080193_3/template/common/header.tpl on line 223
2017-01-19 13:36:18 - PHP Notice:  Undefined index: childs in /home/clouddig/lichtar.com.ua/www/catalog/view/theme/OPC080193_3/template/common/header.tpl on line 228
2017-01-19 13:36:18 - PHP Notice:  Undefined index: childs in /home/clouddig/lichtar.com.ua/www/catalog/view/theme/OPC080193_3/template/common/header.tpl on line 223
2017-01-19 13:36:18 - PHP Notice:  Undefined index: childs in /home/clouddig/lichtar.com.ua/www/catalog/view/theme/OPC080193_3/template/common/header.tpl on line 228
2017-01-19 13:36:18 - PHP Notice:  Undefined index: childs in /home/clouddig/lichtar.com.ua/www/catalog/view/theme/OPC080193_3/template/common/header.tpl on line 223
2017-01-19 13:36:18 - PHP Notice:  Undefined index: childs in /home/clouddig/lichtar.com.ua/www/catalog/view/theme/OPC080193_3/template/common/header.tpl on line 228
2017-01-19 13:36:18 - PHP Notice:  Undefined index: childs in /home/clouddig/lichtar.com.ua/www/catalog/view/theme/OPC080193_3/template/common/header.tpl on line 223
2017-01-19 13:36:18 - PHP Notice:  Undefined index: childs in /home/clouddig/lichtar.com.ua/www/catalog/view/theme/OPC080193_3/template/common/header.tpl on line 228
2017-01-19 13:36:18 - PHP Notice:  Undefined index: childs in /home/clouddig/lichtar.com.ua/www/catalog/view/theme/OPC080193_3/template/common/header.tpl on line 223
2017-01-19 13:36:18 - PHP Notice:  Undefined index: childs in /home/clouddig/lichtar.com.ua/www/catalog/view/theme/OPC080193_3/template/common/header.tpl on line 228
2017-01-19 13:36:18 - PHP Notice:  Undefined index: childs in /home/clouddig/lichtar.com.ua/www/catalog/view/theme/OPC080193_3/template/common/header.tpl on line 223
2017-01-19 13:36:18 - PHP Notice:  Undefined index: childs in /home/clouddig/lichtar.com.ua/www/catalog/view/theme/OPC080193_3/template/common/header.tpl on line 228
2017-01-19 13:36:18 - PHP Notice:  Undefined index: childs in /home/clouddig/lichtar.com.ua/www/catalog/view/theme/OPC080193_3/template/common/header.tpl on line 223
2017-01-19 13:36:18 - PHP Notice:  Undefined index: childs in /home/clouddig/lichtar.com.ua/www/catalog/view/theme/OPC080193_3/template/common/header.tpl on line 228
2017-01-19 13:36:18 - PHP Notice:  Undefined index: childs in /home/clouddig/lichtar.com.ua/www/catalog/view/theme/OPC080193_3/template/common/header.tpl on line 223
2017-01-19 13:36:18 - PHP Notice:  Undefined index: childs in /home/clouddig/lichtar.com.ua/www/catalog/view/theme/OPC080193_3/template/common/header.tpl on line 228
2017-01-19 13:36:18 - PHP Notice:  Undefined index: childs in /home/clouddig/lichtar.com.ua/www/catalog/view/theme/OPC080193_3/template/common/header.tpl on line 223
2017-01-19 13:36:18 - PHP Notice:  Undefined index: childs in /home/clouddig/lichtar.com.ua/www/catalog/view/theme/OPC080193_3/template/common/header.tpl on line 228
2017-01-19 13:36:18 - PHP Notice:  Undefined index: childs in /home/clouddig/lichtar.com.ua/www/catalog/view/theme/OPC080193_3/template/common/header.tpl on line 223
2017-01-19 13:36:18 - PHP Notice:  Undefined index: childs in /home/clouddig/lichtar.com.ua/www/catalog/view/theme/OPC080193_3/template/common/header.tpl on line 228
2017-01-19 13:36:18 - PHP Notice:  Undefined index: childs in /home/clouddig/lichtar.com.ua/www/catalog/view/theme/OPC080193_3/template/common/header.tpl on line 223
2017-01-19 13:36:18 - PHP Notice:  Undefined index: childs in /home/clouddig/lichtar.com.ua/www/catalog/view/theme/OPC080193_3/template/common/header.tpl on line 228
2017-01-19 13:36:18 - PHP Notice:  Undefined index: childs in /home/clouddig/lichtar.com.ua/www/catalog/view/theme/OPC080193_3/template/common/header.tpl on line 223
2017-01-19 13:36:18 - PHP Notice:  Undefined index: childs in /home/clouddig/lichtar.com.ua/www/catalog/view/theme/OPC080193_3/template/common/header.tpl on line 228
2017-01-19 13:36:18 - PHP Notice:  Undefined index: childs in /home/clouddig/lichtar.com.ua/www/catalog/view/theme/OPC080193_3/template/common/header.tpl on line 223
2017-01-19 13:36:18 - PHP Notice:  Undefined index: childs in /home/clouddig/lichtar.com.ua/www/catalog/view/theme/OPC080193_3/template/common/header.tpl on line 228
2017-01-19 13:36:18 - PHP Notice:  Undefined index: childs in /home/clouddig/lichtar.com.ua/www/catalog/view/theme/OPC080193_3/template/common/header.tpl on line 223
2017-01-19 13:36:18 - PHP Notice:  Undefined index: childs in /home/clouddig/lichtar.com.ua/www/catalog/view/theme/OPC080193_3/template/common/header.tpl on line 228
2017-01-19 13:36:18 - PHP Notice:  Undefined index: childs in /home/clouddig/lichtar.com.ua/www/catalog/view/theme/OPC080193_3/template/common/header.tpl on line 223
2017-01-19 13:36:18 - PHP Notice:  Undefined index: childs in /home/clouddig/lichtar.com.ua/www/catalog/view/theme/OPC080193_3/template/common/header.tpl on line 228
2017-01-19 13:36:18 - PHP Notice:  Undefined index: childs in /home/clouddig/lichtar.com.ua/www/catalog/view/theme/OPC080193_3/template/common/header.tpl on line 223
2017-01-19 13:36:18 - PHP Notice:  Undefined index: childs in /home/clouddig/lichtar.com.ua/www/catalog/view/theme/OPC080193_3/template/common/header.tpl on line 228
2017-01-19 13:36:18 - PHP Notice:  Undefined index: childs in /home/clouddig/lichtar.com.ua/www/catalog/view/theme/OPC080193_3/template/common/header.tpl on line 223
2017-01-19 13:36:18 - PHP Notice:  Undefined index: childs in /home/clouddig/lichtar.com.ua/www/catalog/view/theme/OPC080193_3/template/common/header.tpl on line 228
2017-01-19 13:36:18 - PHP Notice:  Undefined index: childs in /home/clouddig/lichtar.com.ua/www/catalog/view/theme/OPC080193_3/template/common/header.tpl on line 223
2017-01-19 13:36:18 - PHP Notice:  Undefined index: childs in /home/clouddig/lichtar.com.ua/www/catalog/view/theme/OPC080193_3/template/common/header.tpl on line 228
2017-01-19 13:36:18 - PHP Notice:  Undefined index: childs in /home/clouddig/lichtar.com.ua/www/catalog/view/theme/OPC080193_3/template/common/header.tpl on line 223
2017-01-19 13:36:18 - PHP Notice:  Undefined index: childs in /home/clouddig/lichtar.com.ua/www/catalog/view/theme/OPC080193_3/template/common/header.tpl on line 228
2017-01-19 13:36:18 - PHP Notice:  Undefined index: childs in /home/clouddig/lichtar.com.ua/www/catalog/view/theme/OPC080193_3/template/common/header.tpl on line 223
2017-01-19 13:36:18 - PHP Notice:  Undefined index: childs in /home/clouddig/lichtar.com.ua/www/catalog/view/theme/OPC080193_3/template/common/header.tpl on line 228
2017-01-19 13:36:18 - PHP Notice:  Undefined index: childs in /home/clouddig/lichtar.com.ua/www/catalog/view/theme/OPC080193_3/template/common/header.tpl on line 223
2017-01-19 13:36:18 - PHP Notice:  Undefined index: childs in /home/clouddig/lichtar.com.ua/www/catalog/view/theme/OPC080193_3/template/common/header.tpl on line 228
2017-01-19 13:36:18 - PHP Notice:  Undefined index: childs in /home/clouddig/lichtar.com.ua/www/catalog/view/theme/OPC080193_3/template/common/header.tpl on line 223
2017-01-19 13:36:18 - PHP Notice:  Undefined index: childs in /home/clouddig/lichtar.com.ua/www/catalog/view/theme/OPC080193_3/template/common/header.tpl on line 228
2017-01-19 13:36:18 - PHP Notice:  Undefined index: childs in /home/clouddig/lichtar.com.ua/www/catalog/view/theme/OPC080193_3/template/common/header.tpl on line 223
2017-01-19 13:36:18 - PHP Notice:  Undefined index: childs in /home/clouddig/lichtar.com.ua/www/catalog/view/theme/OPC080193_3/template/common/header.tpl on line 228
2017-01-19 13:36:18 - PHP Notice:  Undefined index: childs in /home/clouddig/lichtar.com.ua/www/catalog/view/theme/OPC080193_3/template/common/header.tpl on line 223
2017-01-19 13:36:18 - PHP Notice:  Undefined index: childs in /home/clouddig/lichtar.com.ua/www/catalog/view/theme/OPC080193_3/template/common/header.tpl on line 228
2017-01-19 13:36:18 - PHP Notice:  Undefined variable: headertop in /home/clouddig/lichtar.com.ua/www/catalog/view/theme/OPC080193_3/template/common/header.tpl on line 258
2017-01-19 13:36:19 - PHP Notice:  Undefined variable: mytemplate in /home/clouddig/lichtar.com.ua/www/catalog/view/theme/OPC080193_3/template/common/header.tpl on line 28
2017-01-19 13:36:19 - PHP Notice:  Undefined variable: mytemplate in /home/clouddig/lichtar.com.ua/www/catalog/view/theme/OPC080193_3/template/common/header.tpl on line 30
2017-01-19 13:36:19 - PHP Notice:  Undefined variable: mytemplate in /home/clouddig/lichtar.com.ua/www/catalog/view/theme/OPC080193_3/template/common/header.tpl on line 31
2017-01-19 13:36:19 - PHP Notice:  Undefined variable: mytemplate in /home/clouddig/lichtar.com.ua/www/catalog/view/theme/OPC080193_3/template/common/header.tpl on line 32
2017-01-19 13:36:19 - PHP Notice:  Undefined variable: mytemplate in /home/clouddig/lichtar.com.ua/www/catalog/view/theme/OPC080193_3/template/common/header.tpl on line 33
2017-01-19 13:36:19 - PHP Notice:  Undefined variable: mytemplate in /home/clouddig/lichtar.com.ua/www/catalog/view/theme/OPC080193_3/template/common/header.tpl on line 34
2017-01-19 13:36:19 - PHP Notice:  Undefined variable: column_left in /home/clouddig/lichtar.com.ua/www/catalog/view/theme/OPC080193_3/template/common/header.tpl on line 75
2017-01-19 13:36:19 - PHP Notice:  Undefined variable: column_left in /home/clouddig/lichtar.com.ua/www/catalog/view/theme/OPC080193_3/template/common/header.tpl on line 77
2017-01-19 13:36:19 - PHP Notice:  Undefined variable: column_right in /home/clouddig/lichtar.com.ua/www/catalog/view/theme/OPC080193_3/template/common/header.tpl on line 77
2017-01-19 13:36:19 - PHP Notice:  Undefined variable: text_contact in /home/clouddig/lichtar.com.ua/www/catalog/view/theme/OPC080193_3/template/common/header.tpl on line 97
2017-01-19 13:36:19 - PHP Notice:  Undefined index: childs in /home/clouddig/lichtar.com.ua/www/catalog/view/theme/OPC080193_3/template/common/header.tpl on line 165
2017-01-19 13:36:19 - PHP Notice:  Undefined index: childs in /home/clouddig/lichtar.com.ua/www/catalog/view/theme/OPC080193_3/template/common/header.tpl on line 165
2017-01-19 13:36:19 - PHP Notice:  Undefined index: childs in /home/clouddig/lichtar.com.ua/www/catalog/view/theme/OPC080193_3/template/common/header.tpl on line 165
2017-01-19 13:36:19 - PHP Notice:  Undefined index: childs in /home/clouddig/lichtar.com.ua/www/catalog/view/theme/OPC080193_3/template/common/header.tpl on line 165
2017-01-19 13:36:19 - PHP Notice:  Undefined index: childs in /home/clouddig/lichtar.com.ua/www/catalog/view/theme/OPC080193_3/template/common/header.tpl on line 165
2017-01-19 13:36:19 - PHP Notice:  Undefined index: childs in /home/clouddig/lichtar.com.ua/www/catalog/view/theme/OPC080193_3/template/common/header.tpl on line 165
2017-01-19 13:36:19 - PHP Notice:  Undefined index: childs in /home/clouddig/lichtar.com.ua/www/catalog/view/theme/OPC080193_3/template/common/header.tpl on line 165
2017-01-19 13:36:19 - PHP Notice:  Undefined index: childs in /home/clouddig/lichtar.com.ua/www/catalog/view/theme/OPC080193_3/template/common/header.tpl on line 165
2017-01-19 13:36:19 - PHP Notice:  Undefined index: childs in /home/clouddig/lichtar.com.ua/www/catalog/view/theme/OPC080193_3/template/common/header.tpl on line 165
2017-01-19 13:36:19 - PHP Notice:  Undefined index: childs in /home/clouddig/lichtar.com.ua/www/catalog/view/theme/OPC080193_3/template/common/header.tpl on line 165
2017-01-19 13:36:19 - PHP Notice:  Undefined index: childs in /home/clouddig/lichtar.com.ua/www/catalog/view/theme/OPC080193_3/template/common/header.tpl on line 165
2017-01-19 13:36:19 - PHP Notice:  Undefined index: childs in /home/clouddig/lichtar.com.ua/www/catalog/view/theme/OPC080193_3/template/common/header.tpl on line 165
2017-01-19 13:36:19 - PHP Notice:  Undefined index: childs in /home/clouddig/lichtar.com.ua/www/catalog/view/theme/OPC080193_3/template/common/header.tpl on line 165
2017-01-19 13:36:19 - PHP Notice:  Undefined index: childs in /home/clouddig/lichtar.com.ua/www/catalog/view/theme/OPC080193_3/template/common/header.tpl on line 165
2017-01-19 13:36:19 - PHP Notice:  Undefined index: childs in /home/clouddig/lichtar.com.ua/www/catalog/view/theme/OPC080193_3/template/common/header.tpl on line 165
2017-01-19 13:36:19 - PHP Notice:  Undefined index: childs in /home/clouddig/lichtar.com.ua/www/catalog/view/theme/OPC080193_3/template/common/header.tpl on line 165
2017-01-19 13:36:19 - PHP Notice:  Undefined index: childs in /home/clouddig/lichtar.com.ua/www/catalog/view/theme/OPC080193_3/template/common/header.tpl on line 165
2017-01-19 13:36:19 - PHP Notice:  Undefined index: childs in /home/clouddig/lichtar.com.ua/www/catalog/view/theme/OPC080193_3/template/common/header.tpl on line 165
2017-01-19 13:36:19 - PHP Notice:  Undefined index: childs in /home/clouddig/lichtar.com.ua/www/catalog/view/theme/OPC080193_3/template/common/header.tpl on line 165
2017-01-19 13:36:19 - PHP Notice:  Undefined index: childs in /home/clouddig/lichtar.com.ua/www/catalog/view/theme/OPC080193_3/template/common/header.tpl on line 165
2017-01-19 13:36:19 - PHP Notice:  Undefined index: childs in /home/clouddig/lichtar.com.ua/www/catalog/view/theme/OPC080193_3/template/common/header.tpl on line 165
2017-01-19 13:36:19 - PHP Notice:  Undefined index: childs in /home/clouddig/lichtar.com.ua/www/catalog/view/theme/OPC080193_3/template/common/header.tpl on line 165
2017-01-19 13:36:19 - PHP Notice:  Undefined index: childs in /home/clouddig/lichtar.com.ua/www/catalog/view/theme/OPC080193_3/template/common/header.tpl on line 165
2017-01-19 13:36:19 - PHP Notice:  Undefined index: childs in /home/clouddig/lichtar.com.ua/www/catalog/view/theme/OPC080193_3/template/common/header.tpl on line 165
2017-01-19 13:36:19 - PHP Notice:  Undefined index: childs in /home/clouddig/lichtar.com.ua/www/catalog/view/theme/OPC080193_3/template/common/header.tpl on line 165
2017-01-19 13:36:19 - PHP Notice:  Undefined index: childs in /home/clouddig/lichtar.com.ua/www/catalog/view/theme/OPC080193_3/template/common/header.tpl on line 165
2017-01-19 13:36:19 - PHP Notice:  Undefined index: childs in /home/clouddig/lichtar.com.ua/www/catalog/view/theme/OPC080193_3/template/common/header.tpl on line 165
2017-01-19 13:36:19 - PHP Notice:  Undefined index: childs in /home/clouddig/lichtar.com.ua/www/catalog/view/theme/OPC080193_3/template/common/header.tpl on line 223
2017-01-19 13:36:19 - PHP Notice:  Undefined index: childs in /home/clouddig/lichtar.com.ua/www/catalog/view/theme/OPC080193_3/template/common/header.tpl on line 228
2017-01-19 13:36:19 - PHP Notice:  Undefined index: childs in /home/clouddig/lichtar.com.ua/www/catalog/view/theme/OPC080193_3/template/common/header.tpl on line 223
2017-01-19 13:36:19 - PHP Notice:  Undefined index: childs in /home/clouddig/lichtar.com.ua/www/catalog/view/theme/OPC080193_3/template/common/header.tpl on line 228
2017-01-19 13:36:19 - PHP Notice:  Undefined index: childs in /home/clouddig/lichtar.com.ua/www/catalog/view/theme/OPC080193_3/template/common/header.tpl on line 223
2017-01-19 13:36:19 - PHP Notice:  Undefined index: childs in /home/clouddig/lichtar.com.ua/www/catalog/view/theme/OPC080193_3/template/common/header.tpl on line 228
2017-01-19 13:36:19 - PHP Notice:  Undefined index: childs in /home/clouddig/lichtar.com.ua/www/catalog/view/theme/OPC080193_3/template/common/header.tpl on line 223
2017-01-19 13:36:19 - PHP Notice:  Undefined index: childs in /home/clouddig/lichtar.com.ua/www/catalog/view/theme/OPC080193_3/template/common/header.tpl on line 228
2017-01-19 13:36:19 - PHP Notice:  Undefined index: childs in /home/clouddig/lichtar.com.ua/www/catalog/view/theme/OPC080193_3/template/common/header.tpl on line 223
2017-01-19 13:36:19 - PHP Notice:  Undefined index: childs in /home/clouddig/lichtar.com.ua/www/catalog/view/theme/OPC080193_3/template/common/header.tpl on line 228
2017-01-19 13:36:19 - PHP Notice:  Undefined index: childs in /home/clouddig/lichtar.com.ua/www/catalog/view/theme/OPC080193_3/template/common/header.tpl on line 223
2017-01-19 13:36:19 - PHP Notice:  Undefined index: childs in /home/clouddig/lichtar.com.ua/www/catalog/view/theme/OPC080193_3/template/common/header.tpl on line 228
2017-01-19 13:36:19 - PHP Notice:  Undefined index: childs in /home/clouddig/lichtar.com.ua/www/catalog/view/theme/OPC080193_3/template/common/header.tpl on line 223
2017-01-19 13:36:19 - PHP Notice:  Undefined index: childs in /home/clouddig/lichtar.com.ua/www/catalog/view/theme/OPC080193_3/template/common/header.tpl on line 228
2017-01-19 13:36:19 - PHP Notice:  Undefined index: childs in /home/clouddig/lichtar.com.ua/www/catalog/view/theme/OPC080193_3/template/common/header.tpl on line 223
2017-01-19 13:36:19 - PHP Notice:  Undefined index: childs in /home/clouddig/lichtar.com.ua/www/catalog/view/theme/OPC080193_3/template/common/header.tpl on line 228
2017-01-19 13:36:19 - PHP Notice:  Undefined index: childs in /home/clouddig/lichtar.com.ua/www/catalog/view/theme/OPC080193_3/template/common/header.tpl on line 223
2017-01-19 13:36:19 - PHP Notice:  Undefined index: childs in /home/clouddig/lichtar.com.ua/www/catalog/view/theme/OPC080193_3/template/common/header.tpl on line 228
2017-01-19 13:36:19 - PHP Notice:  Undefined index: childs in /home/clouddig/lichtar.com.ua/www/catalog/view/theme/OPC080193_3/template/common/header.tpl on line 223
2017-01-19 13:36:19 - PHP Notice:  Undefined index: childs in /home/clouddig/lichtar.com.ua/www/catalog/view/theme/OPC080193_3/template/common/header.tpl on line 228
2017-01-19 13:36:19 - PHP Notice:  Undefined index: childs in /home/clouddig/lichtar.com.ua/www/catalog/view/theme/OPC080193_3/template/common/header.tpl on line 223
2017-01-19 13:36:19 - PHP Notice:  Undefined index: childs in /home/clouddig/lichtar.com.ua/www/catalog/view/theme/OPC080193_3/template/common/header.tpl on line 228
2017-01-19 13:36:19 - PHP Notice:  Undefined index: childs in /home/clouddig/lichtar.com.ua/www/catalog/view/theme/OPC080193_3/template/common/header.tpl on line 223
2017-01-19 13:36:19 - PHP Notice:  Undefined index: childs in /home/clouddig/lichtar.com.ua/www/catalog/view/theme/OPC080193_3/template/common/header.tpl on line 228
2017-01-19 13:36:19 - PHP Notice:  Undefined index: childs in /home/clouddig/lichtar.com.ua/www/catalog/view/theme/OPC080193_3/template/common/header.tpl on line 223
2017-01-19 13:36:19 - PHP Notice:  Undefined index: childs in /home/clouddig/lichtar.com.ua/www/catalog/view/theme/OPC080193_3/template/common/header.tpl on line 228
2017-01-19 13:36:19 - PHP Notice:  Undefined index: childs in /home/clouddig/lichtar.com.ua/www/catalog/view/theme/OPC080193_3/template/common/header.tpl on line 223
2017-01-19 13:36:19 - PHP Notice:  Undefined index: childs in /home/clouddig/lichtar.com.ua/www/catalog/view/theme/OPC080193_3/template/common/header.tpl on line 228
2017-01-19 13:36:19 - PHP Notice:  Undefined index: childs in /home/clouddig/lichtar.com.ua/www/catalog/view/theme/OPC080193_3/template/common/header.tpl on line 223
2017-01-19 13:36:19 - PHP Notice:  Undefined index: childs in /home/clouddig/lichtar.com.ua/www/catalog/view/theme/OPC080193_3/template/common/header.tpl on line 228
2017-01-19 13:36:19 - PHP Notice:  Undefined index: childs in /home/clouddig/lichtar.com.ua/www/catalog/view/theme/OPC080193_3/template/common/header.tpl on line 223
2017-01-19 13:36:19 - PHP Notice:  Undefined index: childs in /home/clouddig/lichtar.com.ua/www/catalog/view/theme/OPC080193_3/template/common/header.tpl on line 228
2017-01-19 13:36:19 - PHP Notice:  Undefined index: childs in /home/clouddig/lichtar.com.ua/www/catalog/view/theme/OPC080193_3/template/common/header.tpl on line 223
2017-01-19 13:36:19 - PHP Notice:  Undefined index: childs in /home/clouddig/lichtar.com.ua/www/catalog/view/theme/OPC080193_3/template/common/header.tpl on line 228
2017-01-19 13:36:19 - PHP Notice:  Undefined index: childs in /home/clouddig/lichtar.com.ua/www/catalog/view/theme/OPC080193_3/template/common/header.tpl on line 223
2017-01-19 13:36:19 - PHP Notice:  Undefined index: childs in /home/clouddig/lichtar.com.ua/www/catalog/view/theme/OPC080193_3/template/common/header.tpl on line 228
2017-01-19 13:36:19 - PHP Notice:  Undefined index: childs in /home/clouddig/lichtar.com.ua/www/catalog/view/theme/OPC080193_3/template/common/header.tpl on line 223
2017-01-19 13:36:19 - PHP Notice:  Undefined index: childs in /home/clouddig/lichtar.com.ua/www/catalog/view/theme/OPC080193_3/template/common/header.tpl on line 228
2017-01-19 13:36:19 - PHP Notice:  Undefined index: childs in /home/clouddig/lichtar.com.ua/www/catalog/view/theme/OPC080193_3/template/common/header.tpl on line 223
2017-01-19 13:36:19 - PHP Notice:  Undefined index: childs in /home/clouddig/lichtar.com.ua/www/catalog/view/theme/OPC080193_3/template/common/header.tpl on line 228
2017-01-19 13:36:19 - PHP Notice:  Undefined index: childs in /home/clouddig/lichtar.com.ua/www/catalog/view/theme/OPC080193_3/template/common/header.tpl on line 223
2017-01-19 13:36:19 - PHP Notice:  Undefined index: childs in /home/clouddig/lichtar.com.ua/www/catalog/view/theme/OPC080193_3/template/common/header.tpl on line 228
2017-01-19 13:36:19 - PHP Notice:  Undefined index: childs in /home/clouddig/lichtar.com.ua/www/catalog/view/theme/OPC080193_3/template/common/header.tpl on line 223
2017-01-19 13:36:19 - PHP Notice:  Undefined index: childs in /home/clouddig/lichtar.com.ua/www/catalog/view/theme/OPC080193_3/template/common/header.tpl on line 228
2017-01-19 13:36:19 - PHP Notice:  Undefined index: childs in /home/clouddig/lichtar.com.ua/www/catalog/view/theme/OPC080193_3/template/common/header.tpl on line 223
2017-01-19 13:36:19 - PHP Notice:  Undefined index: childs in /home/clouddig/lichtar.com.ua/www/catalog/view/theme/OPC080193_3/template/common/header.tpl on line 228
2017-01-19 13:36:19 - PHP Notice:  Undefined index: childs in /home/clouddig/lichtar.com.ua/www/catalog/view/theme/OPC080193_3/template/common/header.tpl on line 223
2017-01-19 13:36:19 - PHP Notice:  Undefined index: childs in /home/clouddig/lichtar.com.ua/www/catalog/view/theme/OPC080193_3/template/common/header.tpl on line 228
2017-01-19 13:36:19 - PHP Notice:  Undefined index: childs in /home/clouddig/lichtar.com.ua/www/catalog/view/theme/OPC080193_3/template/common/header.tpl on line 223
2017-01-19 13:36:19 - PHP Notice:  Undefined index: childs in /home/clouddig/lichtar.com.ua/www/catalog/view/theme/OPC080193_3/template/common/header.tpl on line 228
2017-01-19 13:36:19 - PHP Notice:  Undefined index: childs in /home/clouddig/lichtar.com.ua/www/catalog/view/theme/OPC080193_3/template/common/header.tpl on line 223
2017-01-19 13:36:19 - PHP Notice:  Undefined index: childs in /home/clouddig/lichtar.com.ua/www/catalog/view/theme/OPC080193_3/template/common/header.tpl on line 228
2017-01-19 13:36:19 - PHP Notice:  Undefined index: childs in /home/clouddig/lichtar.com.ua/www/catalog/view/theme/OPC080193_3/template/common/header.tpl on line 223
2017-01-19 13:36:19 - PHP Notice:  Undefined index: childs in /home/clouddig/lichtar.com.ua/www/catalog/view/theme/OPC080193_3/template/common/header.tpl on line 228
2017-01-19 13:36:19 - PHP Notice:  Undefined variable: headertop in /home/clouddig/lichtar.com.ua/www/catalog/view/theme/OPC080193_3/template/common/header.tpl on line 258
2017-01-19 13:51:25 - PHP Notice:  Undefined variable: text_footertop in /home/clouddig/lichtar.com.ua/www/admin/view/template/design/layout_form.tpl on line 230
2017-01-19 14:03:00 - PHP Notice:  Undefined variable: text_footertop in /home/clouddig/lichtar.com.ua/www/admin/view/template/design/layout_form.tpl on line 230
2017-01-19 14:03:26 - PHP Notice:  Undefined variable: text_footertop in /home/clouddig/lichtar.com.ua/www/admin/view/template/design/layout_form.tpl on line 230
2017-01-19 14:15:36 - PHP Notice:  Undefined variable: text_footertop in /home/clouddig/lichtar.com.ua/www/admin/view/template/design/layout_form.tpl on line 230
2017-01-19 14:15:45 - PHP Notice:  Undefined variable: text_footertop in /home/clouddig/lichtar.com.ua/www/admin/view/template/design/layout_form.tpl on line 230
2017-01-19 14:18:37 - PHP Notice:  Undefined variable: text_footertop in /home/clouddig/lichtar.com.ua/www/admin/view/template/design/layout_form.tpl on line 230
2017-01-19 14:19:10 - PHP Notice:  Undefined variable: text_footertop in /home/clouddig/lichtar.com.ua/www/admin/view/template/design/layout_form.tpl on line 230
2017-01-19 14:29:44 - PHP Notice:  Undefined variable: text_footertop in /home/clouddig/lichtar.com.ua/www/admin/view/template/design/layout_form.tpl on line 230
2017-01-19 14:38:51 - PHP Notice:  Undefined variable: text_footertop in /home/clouddig/lichtar.com.ua/www/admin/view/template/design/layout_form.tpl on line 230
2017-01-19 14:41:11 - PHP Notice:  Undefined variable: text_footertop in /home/clouddig/lichtar.com.ua/www/admin/view/template/design/layout_form.tpl on line 230
2017-01-19 14:55:46 - PHP Notice:  Undefined variable: text_footertop in /home/clouddig/lichtar.com.ua/www/admin/view/template/design/layout_form.tpl on line 230
2017-01-19 14:58:21 - PHP Notice:  Undefined variable: text_footertop in /home/clouddig/lichtar.com.ua/www/admin/view/template/design/layout_form.tpl on line 230
2017-01-19 15:00:06 - PHP Notice:  Undefined variable: text_footertop in /home/clouddig/lichtar.com.ua/www/admin/view/template/design/layout_form.tpl on line 230
2017-01-19 15:37:10 - PHP Notice:  Undefined variable: text_footertop in /home/clouddig/lichtar.com.ua/www/admin/view/template/design/layout_form.tpl on line 230
2017-01-19 15:37:42 - PHP Notice:  Undefined variable: text_footertop in /home/clouddig/lichtar.com.ua/www/admin/view/template/design/layout_form.tpl on line 230
2017-01-19 15:37:47 - PHP Notice:  Undefined variable: text_footertop in /home/clouddig/lichtar.com.ua/www/admin/view/template/design/layout_form.tpl on line 230
2017-01-19 15:39:17 - PHP Notice:  Undefined variable: text_footertop in /home/clouddig/lichtar.com.ua/www/admin/view/template/design/layout_form.tpl on line 230
2017-01-19 15:40:24 - PHP Notice:  Undefined variable: text_footertop in /home/clouddig/lichtar.com.ua/www/admin/view/template/design/layout_form.tpl on line 230
2017-01-19 15:50:59 - PHP Notice:  Undefined index: sort_order in /home/clouddig/lichtar.com.ua/www/admin/controller/design/banner.php on line 386
2017-01-19 15:50:59 - PHP Notice:  Undefined index: sort_order in /home/clouddig/lichtar.com.ua/www/admin/controller/design/banner.php on line 386
2017-01-19 15:50:59 - PHP Notice:  Undefined index: sort_order in /home/clouddig/lichtar.com.ua/www/admin/controller/design/banner.php on line 386
2017-04-18 15:36:22 - PHP Notice:  Undefined variable: entry_export in /home/clouddig/lichtar.com.ua/www/admin/view/template/tool/backup.tpl on line 43
2017-07-06 14:41:30 - PHP Warning:  ftp_login(): User 'nano8_ftp' denied by access rules (http://www.ukraine.com.ua/faq/530-User-user_ftp-denied-by-ac.html) in /home/nano8/lichtar.com.ua/www/admin/controller/extension/installer.php on line 295
